[    0.000000] Initializing cgroup subsys cpuset
[    0.000000] Initializing cgroup subsys cpu
[    0.000000] Initializing cgroup subsys cpuacct
[    0.000000] Linux version 4.4.0-77-generic (buildd@lgw01-59) (gcc version 5.4.0 20160609 (Ubuntu 5.4.0-6ubuntu1~16.04.4) ) #98-Ubuntu SMP Wed Apr 26 08:34:02 UTC 2017 (Ubuntu 4.4.0-77.98-generic 4.4.59)
[    0.000000] Command line: BOOT_IMAGE=/boot/vmlinuz-4.4.0-77-generic root=LABEL=cloudimg-rootfs ro console=tty1 console=ttyS0
[    0.000000] KERNEL supported cpus:
[    0.000000]   Intel GenuineIntel
[    0.000000]   AMD AuthenticAMD
[    0.000000]   Centaur CentaurHauls
[    0.000000] x86/fpu: xstate_offset[2]:  576, xstate_sizes[2]:  256
[    0.000000] x86/fpu: Supporting XSAVE feature 0x01: 'x87 floating point registers'
[    0.000000] x86/fpu: Supporting XSAVE feature 0x02: 'SSE registers'
[    0.000000] x86/fpu: Supporting XSAVE feature 0x04: 'AVX registers'
[    0.000000] x86/fpu: Enabled xstate features 0x7, context size is 832 bytes, using 'standard' format.
[    0.000000] x86/fpu: Using 'lazy' FPU context switches.
[    0.000000] e820: BIOS-provided physical RAM map:
[    0.000000] BIOS-e820: [mem 0x0000000000000000-0x000000000009fbff] usable
[    0.000000] BIOS-e820: [mem 0x000000000009fc00-0x000000000009ffff] reserved
[    0.000000] BIOS-e820: [mem 0x00000000000f0000-0x00000000000fffff] reserved
[    0.000000] BIOS-e820: [mem 0x0000000000100000-0x000000007ffeffff] usable
[    0.000000] BIOS-e820: [mem 0x000000007fff0000-0x000000007fffffff] ACPI data
[    0.000000] BIOS-e820: [mem 0x00000000fec00000-0x00000000fec00fff] reserved
[    0.000000] BIOS-e820: [mem 0x00000000fee00000-0x00000000fee00fff] reserved
[    0.000000] BIOS-e820: [mem 0x00000000fffc0000-0x00000000ffffffff] reserved
[    0.000000] NX (Execute Disable) protection: active
[    0.000000] SMBIOS 2.5 present.
[    0.000000] Hypervisor detected: KVM
[    0.000000] e820: last_pfn = 0x7fff0 max_arch_pfn = 0x400000000
[    0.000000] MTRR: Disabled
[    0.000000] x86/PAT: MTRRs disabled, skipping PAT initialization too.
[    0.000000] x86/PAT: Configuration [0-7]: WB  WT  UC- UC  WB  WT  UC- UC  
[    0.000000] CPU MTRRs all blank - virtualized system.
[    0.000000] found SMP MP-table at [mem 0x0009fff0-0x0009ffff] mapped at [ffff88000009fff0]
[    0.000000] Scanning 1 areas for low memory corruption
[    0.000000] RAMDISK: [mem 0x36af4000-0x37571fff]
[    0.000000] ACPI: Early table checksum verification disabled
[    0.000000] ACPI: RSDP 0x00000000000E0000 000024 (v02 VBOX  )
[    0.000000] ACPI: XSDT 0x000000007FFF0030 00003C (v01 VBOX   VBOXXSDT 00000001 ASL  00000061)
[    0.000000] ACPI: FACP 0x000000007FFF00F0 0000F4 (v04 VBOX   VBOXFACP 00000001 ASL  00000061)
[    0.000000] ACPI: DSDT 0x000000007FFF0470 0021C8 (v02 VBOX   VBOXBIOS 00000002 INTL 20100528)
[    0.000000] ACPI: FACS 0x000000007FFF0200 000040
[    0.000000] ACPI: FACS 0x000000007FFF0200 000040
[    0.000000] ACPI: APIC 0x000000007FFF0240 00005C (v02 VBOX   VBOXAPIC 00000001 ASL  00000061)
[    0.000000] ACPI: SSDT 0x000000007FFF02A0 0001CC (v01 VBOX   VBOXCPUT 00000002 INTL 20100528)
[    0.000000] No NUMA configuration found
[    0.000000] Faking a node at [mem 0x0000000000000000-0x000000007ffeffff]
[    0.000000] NODE_DATA(0) allocated [mem 0x7ffeb000-0x7ffeffff]
[    0.000000] kvm-clock: Using msrs 4b564d01 and 4b564d00
[    0.000000] kvm-clock: cpu 0, msr 0:7ffe3001, primary cpu clock
[    0.000000] kvm-clock: using sched offset of 2958294683 cycles
[    0.000000] clocksource: kvm-clock: mask: 0xffffffffffffffff max_cycles: 0x1cd42e4dffb, max_idle_ns: 881590591483 ns
[    0.000000] Zone ranges:
[    0.000000]   DMA      [mem 0x0000000000001000-0x0000000000ffffff]
[    0.000000]   DMA32    [mem 0x0000000001000000-0x000000007ffeffff]
[    0.000000]   Normal   empty
[    0.000000]   Device   empty
[    0.000000] Movable zone start for each node
[    0.000000] Early memory node ranges
[    0.000000]   node   0: [mem 0x0000000000001000-0x000000000009efff]
[    0.000000]   node   0: [mem 0x0000000000100000-0x000000007ffeffff]
[    0.000000] Initmem setup node 0 [mem 0x0000000000001000-0x000000007ffeffff]
[    0.000000] ACPI: PM-Timer IO Port: 0x4008
[    0.000000] IOAPIC[0]: apic_id 2, version 32, address 0xfec00000, GSI 0-23
[    0.000000] ACPI: INT_SRC_OVR (bus 0 bus_irq 0 global_irq 2 dfl dfl)
[    0.000000] ACPI: INT_SRC_OVR (bus 0 bus_irq 9 global_irq 9 high level)
[    0.000000] Using ACPI (MADT) for SMP configuration information
[    0.000000] smpboot: Allowing 2 CPUs, 0 hotplug CPUs
[    0.000000] PM: Registered nosave memory: [mem 0x00000000-0x00000fff]
[    0.000000] PM: Registered nosave memory: [mem 0x0009f000-0x0009ffff]
[    0.000000] PM: Registered nosave memory: [mem 0x000a0000-0x000effff]
[    0.000000] PM: Registered nosave memory: [mem 0x000f0000-0x000fffff]
[    0.000000] e820: [mem 0x80000000-0xfebfffff] available for PCI devices
[    0.000000] Booting paravirtualized kernel on KVM
[    0.000000] clocksource: refined-jiffies: mask: 0xffffffff max_cycles: 0xffffffff, max_idle_ns: 7645519600211568 ns
[    0.000000] setup_percpu: NR_CPUS:512 nr_cpumask_bits:512 nr_cpu_ids:2 nr_node_ids:1
[    0.000000] PERCPU: Embedded 33 pages/cpu @ffff88007fc00000 s98264 r8192 d28712 u1048576
[    0.000000] PV qspinlock hash table entries: 256 (order: 0, 4096 bytes)
[    0.000000] Built 1 zonelists in Node order, mobility grouping on.  Total pages: 515961
[    0.000000] Policy zone: DMA32
[    0.000000] Kernel command line: BOOT_IMAGE=/boot/vmlinuz-4.4.0-77-generic root=LABEL=cloudimg-rootfs ro console=tty1 console=ttyS0
[    0.000000] PID hash table entries: 4096 (order: 3, 32768 bytes)
[    0.000000] Memory: 2034028K/2096696K available (8449K kernel code, 1294K rwdata, 3980K rodata, 1484K init, 1316K bss, 62668K reserved, 0K cma-reserved)
[    0.000000] SLUB: HWalign=64, Order=0-3, MinObjects=0, CPUs=2, Nodes=1
[    0.000000] Hierarchical RCU implementation.
[    0.000000] 	Build-time adjustment of leaf fanout to 64.
[    0.000000] 	RCU restricting CPUs from NR_CPUS=512 to nr_cpu_ids=2.
[    0.000000] RCU: Adjusting geometry for rcu_fanout_leaf=64, nr_cpu_ids=2
[    0.000000] NR_IRQS:33024 nr_irqs:440 16
[    0.000000] Console: colour VGA+ 80x25
[    0.000000] console [tty1] enabled
[    0.000000] console [ttyS0] enabled
[    0.000000] tsc: Detected 2194.918 MHz processor
[   12.333565] Calibrating delay loop (skipped) preset value.. 4389.83 BogoMIPS (lpj=8779672)
[   12.503800] pid_max: default: 32768 minimum: 301
[   12.565126] ACPI: Core revision 20150930
[   12.607834] ACPI: 2 ACPI AML tables successfully acquired and loaded
[   12.663119] Security Framework initialized
[   12.693351] Yama: becoming mindful.
[   12.729376] AppArmor: AppArmor initialized
[   12.776615] Dentry cache hash table entries: 262144 (order: 9, 2097152 bytes)
[   12.778037] Inode-cache hash table entries: 131072 (order: 8, 1048576 bytes)
[   12.779238] Mount-cache hash table entries: 4096 (order: 3, 32768 bytes)
[   12.780265] Mountpoint-cache hash table entries: 4096 (order: 3, 32768 bytes)
[   12.814240] Initializing cgroup subsys io
[   12.901831] Initializing cgroup subsys memory
[   12.995044] Initializing cgroup subsys devices
[   13.095465] Initializing cgroup subsys freezer
[   13.197726] Initializing cgroup subsys net_cls
[   13.324424] Initializing cgroup subsys perf_event
[   13.436731] Initializing cgroup subsys net_prio
[   13.545001] Initializing cgroup subsys hugetlb
[   13.664138] Initializing cgroup subsys pids
[   13.769543] CPU: Physical Processor ID: 0
[   13.802264] CPU: Processor Core ID: 0
[   13.849645] mce: CPU supports 0 MCE banks
[   13.942239] Last level iTLB entries: 4KB 1024, 2MB 1024, 4MB 1024
[   14.034480] Last level dTLB entries: 4KB 1024, 2MB 1024, 4MB 1024, 1GB 4
[   14.183911] Freeing SMP alternatives memory: 32K (ffffffff820b8000 - ffffffff820c0000)
[   14.363495] ftrace: allocating 32117 entries in 126 pages
[   14.534485] smpboot: APIC(0) Converting physical 0 to logical package 0
[   14.644566] smpboot: Max logical packages: 1
[   14.722940] x2apic enabled
[   14.783554] Switched APIC routing to physical x2apic.
[   14.876644] ..TIMER: vector=0x30 apic1=0 pin1=2 apic2=-1 pin2=-1
[   15.049222] smpboot: CPU0: Intel(R) Core(TM) i7-4770HQ CPU @ 2.20GHz (family: 0x6, model: 0x46, stepping: 0x1)
[   15.265082] Performance Events: unsupported p6 CPU model 70 no PMU driver, software events only.
[   15.475752] KVM setup paravirtual spinlock
[   15.558651] x86: Booting SMP configuration:
[   15.676656] .... node  #0, CPUs:      #1
[   15.77110]] kvm-clock:ccpu 1, msr 0:7ffe3041, secondary cpu clock
[   15.945768] mce: CPU supports 0 MCE banks
[   15.994616] x86: Booted up 1 node, 2 CPUs
[   16.027728] smpboot: Total of 2 processors activated (8779.67 BogoMIPS)
[   16.029137] devtmpfs: initialized
[   16.031228] evm: security.selinux
[   16.031845] evm: security.SMACK64
[   16.032460] evm: security.SMACK64EXEC
[   16.038012] evm: security.SMACK64TRANSMUTE
[   16.125657] evm: security.SMACK64MMAP
[   16.219572] evm: security.ima
[   16.303864] evm: security.capability
[   16.405091] clocksource: jiffies: mask: 0xffffffff max_cycles: 0xffffffff, max_idle_ns: 7645041785100000 ns
[   16.681770] futex hash table entries: 512 (order: 3, 32768 bytes)
[   16.804419] pinctrl core: initialized pinctrl subsystem
[   16.918267] RTC time: 14:52:10, date: 09/05/17
[   17.027856] NET: Registered protocol family 16
[   17.105022] cpuidle: using governor ladder
[   17.137661] cpuidle: using governor menu
[   17.200198] PCCT header not found.
[   17.285030] ACPI: bus type PCI registered
[   17.386367] acpiphp: ACPI Hot Plug PCI Controller Driver version: 0.5
[   17.542456] PCI: Using configuration type 1 for base access
[   17.698515] ACPI: Added _OSI(Module Device)
[   17.815848] ACPI: Added _OSI(Processor Device)
[   17.938237] ACPI: Added _OSI(3.0 _SCP Extensions)
[   18.024675] ACPI: Added _OSI(Processor Aggregator Device)
[   18.026574] ACPI: Executed 1 blocks of module-level executable AML code
[   18.165995] ACPI: Interpreter enabled
[   18.189536] ACPI: (supports S0 S5)
[   18.219917] ACPI: Using IOAPIC for interrupt routing
[   18.308595] PCI: Using host bridge windows from ACPI; if necessary, use "pci=nocrs" and report a bug
[   18.522180] ACPI: PCI Root Bridge [PCI0] (domain 0000 [bus 00-ff])
[   18.677526] acpi PNP0A03:00: _OSC: OS supports [ASPM ClockPM Segments MSI]
[   18.836409] acpi PNP0A03:00: _OSC failed (AE_NOT_FOUND); disabling ASPM
[   19.007047] acpi PNP0A03:00: fail to add MMCONFIG information, can't access extended PCI configuration space under this bridge.
[   19.282638] PCI host bridge to bus 0000:00
[   19.309940] pci_bus 0000:00: root bus resource [io  0x0000-0x0cf7 window]
[